[debug] [2019-10-28T16:02:26.974Z] ----------------------------------------------------------------------
[debug] [2019-10-28T16:02:27.064Z] Command:       C:\Program Files\nodejs\node.exe C:\Users\my\AppData\Roaming\npm\node_modules\firebase-tools\lib\bin\firebase.js deploy --only functions
[debug] [2019-10-28T16:02:27.064Z] CLI Version:   7.6.1
[debug] [2019-10-28T16:02:27.064Z] Platform:      win32
[debug] [2019-10-28T16:02:27.065Z] Node Version:  v10.16.3
[debug] [2019-10-28T16:02:27.198Z] Time:          Mon Oct 28 2019 17:02:27 GMT+0100 (West Africa Standard Time)
[debug] [2019-10-28T16:02:27.198Z] ----------------------------------------------------------------------
[debug] [2019-10-28T16:02:27.198Z] 
[debug] [2019-10-28T16:02:27.353Z] > command requires scopes: ["email","openid","https://www.googleapis.com/auth/cloudplatformprojects.readonly","https://www.googleapis.com/auth/firebase","https://www.googleapis.com/auth/cloud-platform"]
[debug] [2019-10-28T16:02:27.356Z] > authorizing via signed-in user
[debug] [2019-10-28T16:02:27.357Z] [iam] checking project usermanager-eb1d3 for permissions ["cloudfunctions.functions.create","cloudfunctions.functions.delete","cloudfunctions.functions.get","cloudfunctions.functions.list","cloudfunctions.functions.update","cloudfunctions.operations.get","firebase.projects.get"]
[debug] [2019-10-28T16:02:27.366Z] >>> HTTP REQUEST POST https://cloudresourcemanager.googleapis.com/v1/projects/usermanager-eb1d3:testIamPermissions  

[debug] [2019-10-28T16:02:50.816Z] ----------------------------------------------------------------------
[debug] [2019-10-28T16:02:50.823Z] Command:       C:\Program Files\nodejs\node.exe C:\Users\my\AppData\Roaming\npm\node_modules\firebase-tools\lib\bin\firebase.js deploy --only functions:addUsers
[debug] [2019-10-28T16:02:50.824Z] CLI Version:   7.6.1
[debug] [2019-10-28T16:02:50.824Z] Platform:      win32
[debug] [2019-10-28T16:02:50.825Z] Node Version:  v10.16.3
[debug] [2019-10-28T16:02:50.827Z] Time:          Mon Oct 28 2019 17:02:50 GMT+0100 (West Africa Standard Time)
[debug] [2019-10-28T16:02:50.827Z] ----------------------------------------------------------------------
[debug] [2019-10-28T16:02:50.827Z] 
[debug] [2019-10-28T16:02:50.864Z] > command requires scopes: ["email","openid","https://www.googleapis.com/auth/cloudplatformprojects.readonly","https://www.googleapis.com/auth/firebase","https://www.googleapis.com/auth/cloud-platform"]
[debug] [2019-10-28T16:02:50.868Z] > authorizing via signed-in user
[debug] [2019-10-28T16:02:50.869Z] [iam] checking project usermanager-eb1d3 for permissions ["cloudfunctions.functions.create","cloudfunctions.functions.delete","cloudfunctions.functions.get","cloudfunctions.functions.list","cloudfunctions.functions.update","cloudfunctions.operations.get","firebase.projects.get"]
[debug] [2019-10-28T16:02:50.877Z] >>> HTTP REQUEST POST https://cloudresourcemanager.googleapis.com/v1/projects/usermanager-eb1d3:testIamPermissions  

[debug] [2019-10-28T16:03:06.616Z] <<< HTTP RESPONSE 200
[info] 
[info] === Deploying to 'usermanager-eb1d3'...
[info] 
[info] i  deploying functions
[info] Running command: npm --prefix "$RESOURCE_DIR" run lint
